2021-01-28 12:07:17.811 [main] INFO  com.xh.EduApplication - Starting EduApplication using Java 1.8.0_131 on LAPTOP-I8GNJ09B with PID 11644 (D:\IDEA2\ideacode\guliSdu\gitstudy\guli_parent\service\service_edu\target\classes started by a3818 in D:\IDEA2\ideacode\guliSdu\gitstudy\guli_parent)
2021-01-28 12:07:17.814 [main] INFO  com.xh.EduApplication - The following profiles are active: dev
2021-01-28 12:07:20.942 [main] INFO  o.s.boot.web.embedded.tomcat.TomcatWebServer - Tomcat initialized with port(s): 8001 (http)
2021-01-28 12:07:20.955 [main] INFO  org.apache.coyote.http11.Http11NioProtocol - Initializing ProtocolHandler ["http-nio-8001"]
2021-01-28 12:07:20.956 [main] INFO  org.apache.catalina.core.StandardService - Starting service [Tomcat]
2021-01-28 12:07:20.957 [main] INFO  org.apache.catalina.core.StandardEngine - Starting Servlet engine: [Apache Tomcat/9.0.41]
2021-01-28 12:07:21.126 [main] INFO  o.a.c.core.ContainerBase.[Tomcat].[localhost].[/] - Initializing Spring embedded WebApplicationContext
2021-01-28 12:07:21.127 [main] INFO  o.s.b.w.s.c.ServletWebServerApplicationContext - Root WebApplicationContext: initialization completed in 3260 ms
2021-01-28 12:07:21.528 [main] INFO  com.zaxxer.hikari.HikariDataSource - HikariPool-1 - Starting...
2021-01-28 12:07:23.199 [main] INFO  com.zaxxer.hikari.HikariDataSource - HikariPool-1 - Start completed.
2021-01-28 12:07:24.230 [main] INFO  s.d.s.w.PropertySourcedRequestMappingHandlerMapping - Mapped URL path [/v2/api-docs] onto method [springfox.documentation.swagger2.web.Swagger2Controller#getDocumentation(String, HttpServletRequest)]
2021-01-28 12:07:24.358 [main] INFO  o.s.scheduling.concurrent.ThreadPoolTaskExecutor - Initializing ExecutorService 'applicationTaskExecutor'
2021-01-28 12:07:24.737 [main] INFO  org.apache.coyote.http11.Http11NioProtocol - Starting ProtocolHandler ["http-nio-8001"]
2021-01-28 12:07:24.771 [main] INFO  o.s.boot.web.embedded.tomcat.TomcatWebServer - Tomcat started on port(s): 8001 (http) with context path ''
2021-01-28 12:07:24.772 [main] INFO  s.d.s.web.plugins.DocumentationPluginsBootstrapper - Context refreshed
2021-01-28 12:07:24.793 [main] INFO  s.d.s.web.plugins.DocumentationPluginsBootstrapper - Found 1 custom documentation plugin(s)
2021-01-28 12:07:24.845 [main] INFO  s.d.spring.web.scanners.ApiListingReferenceScanner - Scanning for api listing references
2021-01-28 12:07:25.128 [main] INFO  com.xh.EduApplication - Started EduApplication in 8.246 seconds (JVM running for 11.594)
2021-01-28 12:07:36.662 [http-nio-8001-exec-1] INFO  o.a.c.core.ContainerBase.[Tomcat].[localhost].[/] - Initializing Spring DispatcherServlet 'dispatcherServlet'
2021-01-28 12:07:36.662 [http-nio-8001-exec-1] INFO  org.springframework.web.servlet.DispatcherServlet - Initializing Servlet 'dispatcherServlet'
2021-01-28 12:07:36.663 [http-nio-8001-exec-1] INFO  org.springframework.web.servlet.DispatcherServlet - Completed initialization in 1 ms
2021-01-28 12:08:07.969 [http-nio-8001-exec-9] DEBUG com.xh.eduService.mapper.EduTeacherMapper.insert - ==>  Preparing: INSERT INTO edu_teacher ( id, name, intro, career, level, avatar, sort, is_deleted, gmt_create, gmt_modified ) VALUES ( ?, ?, ?, ?, ?, ?, ?, ?, ?, ? ) 
2021-01-28 12:08:08.072 [http-nio-8001-exec-9] DEBUG com.xh.eduService.mapper.EduTeacherMapper.insert - ==> Parameters: 1354642387581820929(String), string001(String), string(String), string(String), 0(Integer), string(String), 0(Integer), 0(Integer), 2021-01-28 12:08:07.918(Timestamp), 2021-01-28 12:08:07.918(Timestamp)
2021-01-28 12:08:08.183 [http-nio-8001-exec-9] DEBUG com.xh.eduService.mapper.EduTeacherMapper.insert - <==    Updates: 1
2021-01-28 12:24:09.604 [main] INFO  com.xh.EduApplication - Starting EduApplication using Java 1.8.0_131 on LAPTOP-I8GNJ09B with PID 14056 (D:\IDEA2\ideacode\guliSdu\gitstudy\guli_parent\service\service_edu\target\classes started by a3818 in D:\IDEA2\ideacode\guliSdu\gitstudy\guli_parent)
2021-01-28 12:24:09.607 [main] INFO  com.xh.EduApplication - The following profiles are active: dev
2021-01-28 12:24:12.045 [main] INFO  o.s.boot.web.embedded.tomcat.TomcatWebServer - Tomcat initialized with port(s): 8001 (http)
2021-01-28 12:24:12.059 [main] INFO  org.apache.coyote.http11.Http11NioProtocol - Initializing ProtocolHandler ["http-nio-8001"]
2021-01-28 12:24:12.059 [main] INFO  org.apache.catalina.core.StandardService - Starting service [Tomcat]
2021-01-28 12:24:12.059 [main] INFO  org.apache.catalina.core.StandardEngine - Starting Servlet engine: [Apache Tomcat/9.0.41]
2021-01-28 12:24:12.297 [main] INFO  o.a.c.core.ContainerBase.[Tomcat].[localhost].[/] - Initializing Spring embedded WebApplicationContext
2021-01-28 12:24:12.297 [main] INFO  o.s.b.w.s.c.ServletWebServerApplicationContext - Root WebApplicationContext: initialization completed in 2589 ms
2021-01-28 12:24:12.586 [main] INFO  com.zaxxer.hikari.HikariDataSource - HikariPool-1 - Starting...
2021-01-28 12:24:13.853 [main] INFO  com.zaxxer.hikari.HikariDataSource - HikariPool-1 - Start completed.
2021-01-28 12:24:14.550 [main] INFO  s.d.s.w.PropertySourcedRequestMappingHandlerMapping - Mapped URL path [/v2/api-docs] onto method [springfox.documentation.swagger2.web.Swagger2Controller#getDocumentation(String, HttpServletRequest)]
2021-01-28 12:24:14.636 [main] INFO  o.s.scheduling.concurrent.ThreadPoolTaskExecutor - Initializing ExecutorService 'applicationTaskExecutor'
2021-01-28 12:24:14.957 [main] INFO  org.apache.coyote.http11.Http11NioProtocol - Starting ProtocolHandler ["http-nio-8001"]
2021-01-28 12:24:14.976 [main] INFO  o.s.boot.web.embedded.tomcat.TomcatWebServer - Tomcat started on port(s): 8001 (http) with context path ''
2021-01-28 12:24:14.978 [main] INFO  s.d.s.web.plugins.DocumentationPluginsBootstrapper - Context refreshed
2021-01-28 12:24:14.997 [main] INFO  s.d.s.web.plugins.DocumentationPluginsBootstrapper - Found 1 custom documentation plugin(s)
2021-01-28 12:24:15.059 [main] INFO  s.d.spring.web.scanners.ApiListingReferenceScanner - Scanning for api listing references
2021-01-28 12:24:15.254 [main] INFO  com.xh.EduApplication - Started EduApplication in 6.417 seconds (JVM running for 8.251)
2021-01-28 12:24:26.903 [http-nio-8001-exec-1] INFO  o.a.c.core.ContainerBase.[Tomcat].[localhost].[/] - Initializing Spring DispatcherServlet 'dispatcherServlet'
2021-01-28 12:24:26.903 [http-nio-8001-exec-1] INFO  org.springframework.web.servlet.DispatcherServlet - Initializing Servlet 'dispatcherServlet'
2021-01-28 12:24:26.905 [http-nio-8001-exec-1] INFO  org.springframework.web.servlet.DispatcherServlet - Completed initialization in 2 ms
2021-01-28 12:24:40.087 [http-nio-8001-exec-7] DEBUG c.xh.eduService.mapper.EduTeacherMapper.selectById - ==>  Preparing: SELECT id,name,intro,career,level,avatar,sort,is_deleted,gmt_create,gmt_modified FROM edu_teacher WHERE id=? AND is_deleted=0 
2021-01-28 12:24:40.120 [http-nio-8001-exec-7] DEBUG c.xh.eduService.mapper.EduTeacherMapper.selectById - ==> Parameters: 2(String)
2021-01-28 12:24:40.155 [http-nio-8001-exec-7] DEBUG c.xh.eduService.mapper.EduTeacherMapper.selectById - <==      Total: 0
2021-01-28 12:25:52.201 [http-nio-8001-exec-9] DEBUG c.xh.eduService.mapper.EduTeacherMapper.selectById - ==>  Preparing: SELECT id,name,intro,career,level,avatar,sort,is_deleted,gmt_create,gmt_modified FROM edu_teacher WHERE id=? AND is_deleted=0 
2021-01-28 12:25:52.202 [http-nio-8001-exec-9] DEBUG c.xh.eduService.mapper.EduTeacherMapper.selectById - ==> Parameters: 2(String)
2021-01-28 12:25:52.208 [http-nio-8001-exec-9] DEBUG c.xh.eduService.mapper.EduTeacherMapper.selectById - <==      Total: 1
2021-01-28 12:27:26.130 [http-nio-8001-exec-1] DEBUG c.xh.eduService.mapper.EduTeacherMapper.updateById - ==>  Preparing: UPDATE edu_teacher SET name=?, intro=?, career=?, level=?, avatar=?, sort=?, gmt_modified=? WHERE id=? AND is_deleted=0 
2021-01-28 12:27:26.132 [http-nio-8001-exec-1] DEBUG c.xh.eduService.mapper.EduTeacherMapper.updateById - ==> Parameters: string002(String), string(String), string(String), 0(Integer), string(String), 0(Integer), 2021-01-28 12:27:26.13(Timestamp), 1354642387581820929(String)
2021-01-28 12:27:26.161 [http-nio-8001-exec-1] DEBUG c.xh.eduService.mapper.EduTeacherMapper.updateById - <==    Updates: 1
2021-01-28 12:45:01.458 [main] INFO  com.xh.EduApplication - Starting EduApplication using Java 1.8.0_131 on LAPTOP-I8GNJ09B with PID 3292 (D:\IDEA2\ideacode\guliSdu\gitstudy\guli_parent\service\service_edu\target\classes started by a3818 in D:\IDEA2\ideacode\guliSdu\gitstudy\guli_parent)
2021-01-28 12:45:01.461 [main] INFO  com.xh.EduApplication - The following profiles are active: dev
2021-01-28 12:45:03.820 [main] INFO  o.s.boot.web.embedded.tomcat.TomcatWebServer - Tomcat initialized with port(s): 8001 (http)
2021-01-28 12:45:03.859 [main] INFO  org.apache.coyote.http11.Http11NioProtocol - Initializing ProtocolHandler ["http-nio-8001"]
2021-01-28 12:45:03.859 [main] INFO  org.apache.catalina.core.StandardService - Starting service [Tomcat]
2021-01-28 12:45:03.860 [main] INFO  org.apache.catalina.core.StandardEngine - Starting Servlet engine: [Apache Tomcat/9.0.41]
2021-01-28 12:45:04.014 [main] INFO  o.a.c.core.ContainerBase.[Tomcat].[localhost].[/] - Initializing Spring embedded WebApplicationContext
2021-01-28 12:45:04.014 [main] INFO  o.s.b.w.s.c.ServletWebServerApplicationContext - Root WebApplicationContext: initialization completed in 2476 ms
2021-01-28 12:45:04.542 [main] INFO  com.zaxxer.hikari.HikariDataSource - HikariPool-1 - Starting...
2021-01-28 12:45:05.872 [main] INFO  com.zaxxer.hikari.HikariDataSource - HikariPool-1 - Start completed.
2021-01-28 12:45:06.747 [main] INFO  s.d.s.w.PropertySourcedRequestMappingHandlerMapping - Mapped URL path [/v2/api-docs] onto method [springfox.documentation.swagger2.web.Swagger2Controller#getDocumentation(String, HttpServletRequest)]
2021-01-28 12:45:06.887 [main] INFO  o.s.scheduling.concurrent.ThreadPoolTaskExecutor - Initializing ExecutorService 'applicationTaskExecutor'
2021-01-28 12:45:07.146 [main] INFO  org.apache.coyote.http11.Http11NioProtocol - Starting ProtocolHandler ["http-nio-8001"]
2021-01-28 12:45:07.214 [main] INFO  o.s.boot.web.embedded.tomcat.TomcatWebServer - Tomcat started on port(s): 8001 (http) with context path ''
2021-01-28 12:45:07.216 [main] INFO  s.d.s.web.plugins.DocumentationPluginsBootstrapper - Context refreshed
2021-01-28 12:45:07.288 [main] INFO  s.d.s.web.plugins.DocumentationPluginsBootstrapper - Found 1 custom documentation plugin(s)
2021-01-28 12:45:07.405 [main] INFO  s.d.spring.web.scanners.ApiListingReferenceScanner - Scanning for api listing references
2021-01-28 12:45:07.844 [main] INFO  com.xh.EduApplication - Started EduApplication in 7.48 seconds (JVM running for 10.043)
2021-01-28 12:45:13.892 [http-nio-8001-exec-2] INFO  o.a.c.core.ContainerBase.[Tomcat].[localhost].[/] - Initializing Spring DispatcherServlet 'dispatcherServlet'
2021-01-28 12:45:13.892 [http-nio-8001-exec-2] INFO  org.springframework.web.servlet.DispatcherServlet - Initializing Servlet 'dispatcherServlet'
2021-01-28 12:45:13.894 [http-nio-8001-exec-2] INFO  org.springframework.web.servlet.DispatcherServlet - Completed initialization in 2 ms
2021-01-28 15:06:07.456 [main] INFO  com.xh.EduApplication - Starting EduApplication using Java 1.8.0_131 on LAPTOP-I8GNJ09B with PID 16040 (D:\IDEA2\ideacode\guliSdu\gitstudy\guli_parent\service\service_edu\target\classes started by a3818 in D:\IDEA2\ideacode\guliSdu\gitstudy\guli_parent)
2021-01-28 15:06:07.474 [main] INFO  com.xh.EduApplication - The following profiles are active: dev
2021-01-28 15:06:10.219 [main] INFO  o.s.boot.web.embedded.tomcat.TomcatWebServer - Tomcat initialized with port(s): 8001 (http)
2021-01-28 15:06:10.238 [main] INFO  org.apache.coyote.http11.Http11NioProtocol - Initializing ProtocolHandler ["http-nio-8001"]
2021-01-28 15:06:10.239 [main] INFO  org.apache.catalina.core.StandardService - Starting service [Tomcat]
2021-01-28 15:06:10.239 [main] INFO  org.apache.catalina.core.StandardEngine - Starting Servlet engine: [Apache Tomcat/9.0.41]
2021-01-28 15:06:10.440 [main] INFO  o.a.c.core.ContainerBase.[Tomcat].[localhost].[/] - Initializing Spring embedded WebApplicationContext
2021-01-28 15:06:10.442 [main] INFO  o.s.b.w.s.c.ServletWebServerApplicationContext - Root WebApplicationContext: initialization completed in 2862 ms
2021-01-28 15:06:10.770 [main] INFO  com.zaxxer.hikari.HikariDataSource - HikariPool-1 - Starting...
2021-01-28 15:06:12.220 [main] INFO  com.zaxxer.hikari.HikariDataSource - HikariPool-1 - Start completed.
2021-01-28 15:06:13.041 [main] INFO  s.d.s.w.PropertySourcedRequestMappingHandlerMapping - Mapped URL path [/v2/api-docs] onto method [springfox.documentation.swagger2.web.Swagger2Controller#getDocumentation(String, HttpServletRequest)]
2021-01-28 15:06:13.130 [main] INFO  o.s.scheduling.concurrent.ThreadPoolTaskExecutor - Initializing ExecutorService 'applicationTaskExecutor'
2021-01-28 15:06:13.465 [main] INFO  org.apache.coyote.http11.Http11NioProtocol - Starting ProtocolHandler ["http-nio-8001"]
2021-01-28 15:06:13.512 [main] INFO  o.s.boot.web.embedded.tomcat.TomcatWebServer - Tomcat started on port(s): 8001 (http) with context path ''
2021-01-28 15:06:13.514 [main] INFO  s.d.s.web.plugins.DocumentationPluginsBootstrapper - Context refreshed
2021-01-28 15:06:13.532 [main] INFO  s.d.s.web.plugins.DocumentationPluginsBootstrapper - Found 1 custom documentation plugin(s)
2021-01-28 15:06:13.579 [main] INFO  s.d.spring.web.scanners.ApiListingReferenceScanner - Scanning for api listing references
2021-01-28 15:06:13.753 [main] INFO  com.xh.EduApplication - Started EduApplication in 7.653 seconds (JVM running for 11.936)
2021-01-28 15:06:56.787 [http-nio-8001-exec-2] INFO  o.a.c.core.ContainerBase.[Tomcat].[localhost].[/] - Initializing Spring DispatcherServlet 'dispatcherServlet'
2021-01-28 15:06:56.788 [http-nio-8001-exec-2] INFO  org.springframework.web.servlet.DispatcherServlet - Initializing Servlet 'dispatcherServlet'
2021-01-28 15:06:56.791 [http-nio-8001-exec-2] INFO  org.springframework.web.servlet.DispatcherServlet - Completed initialization in 2 ms
2021-01-28 15:43:48.829 [main] INFO  com.xh.EduApplication - Starting EduApplication using Java 1.8.0_131 on LAPTOP-I8GNJ09B with PID 5324 (D:\IDEA2\ideacode\guliSdu\gitstudy\guli_parent\service\service_edu\target\classes started by a3818 in D:\IDEA2\ideacode\guliSdu\gitstudy\guli_parent)
2021-01-28 15:43:48.848 [main] INFO  com.xh.EduApplication - The following profiles are active: dev
2021-01-28 15:43:51.923 [main] INFO  o.s.boot.web.embedded.tomcat.TomcatWebServer - Tomcat initialized with port(s): 8001 (http)
2021-01-28 15:43:51.938 [main] INFO  org.apache.coyote.http11.Http11NioProtocol - Initializing ProtocolHandler ["http-nio-8001"]
2021-01-28 15:43:51.939 [main] INFO  org.apache.catalina.core.StandardService - Starting service [Tomcat]
2021-01-28 15:43:51.939 [main] INFO  org.apache.catalina.core.StandardEngine - Starting Servlet engine: [Apache Tomcat/9.0.41]
2021-01-28 15:43:52.137 [main] INFO  o.a.c.core.ContainerBase.[Tomcat].[localhost].[/] - Initializing Spring embedded WebApplicationContext
2021-01-28 15:43:52.137 [main] INFO  o.s.b.w.s.c.ServletWebServerApplicationContext - Root WebApplicationContext: initialization completed in 3184 ms
2021-01-28 15:43:52.702 [main] INFO  com.zaxxer.hikari.HikariDataSource - HikariPool-1 - Starting...
2021-01-28 15:43:54.473 [main] INFO  com.zaxxer.hikari.HikariDataSource - HikariPool-1 - Start completed.
2021-01-28 15:43:55.495 [main] INFO  s.d.s.w.PropertySourcedRequestMappingHandlerMapping - Mapped URL path [/v2/api-docs] onto method [springfox.documentation.swagger2.web.Swagger2Controller#getDocumentation(String, HttpServletRequest)]
2021-01-28 15:43:55.843 [main] INFO  o.s.scheduling.concurrent.ThreadPoolTaskExecutor - Initializing ExecutorService 'applicationTaskExecutor'
2021-01-28 15:43:56.287 [main] INFO  org.apache.coyote.http11.Http11NioProtocol - Starting ProtocolHandler ["http-nio-8001"]
2021-01-28 15:43:56.323 [main] INFO  o.s.boot.web.embedded.tomcat.TomcatWebServer - Tomcat started on port(s): 8001 (http) with context path ''
2021-01-28 15:43:56.324 [main] INFO  s.d.s.web.plugins.DocumentationPluginsBootstrapper - Context refreshed
2021-01-28 15:43:56.351 [main] INFO  s.d.s.web.plugins.DocumentationPluginsBootstrapper - Found 1 custom documentation plugin(s)
2021-01-28 15:43:56.413 [main] INFO  s.d.spring.web.scanners.ApiListingReferenceScanner - Scanning for api listing references
2021-01-28 15:43:56.648 [main] INFO  com.xh.EduApplication - Started EduApplication in 8.776 seconds (JVM running for 14.263)
2021-01-28 15:44:02.190 [http-nio-8001-exec-2] INFO  o.a.c.core.ContainerBase.[Tomcat].[localhost].[/] - Initializing Spring DispatcherServlet 'dispatcherServlet'
2021-01-28 15:44:02.191 [http-nio-8001-exec-2] INFO  org.springframework.web.servlet.DispatcherServlet - Initializing Servlet 'dispatcherServlet'
2021-01-28 15:44:02.194 [http-nio-8001-exec-2] INFO  org.springframework.web.servlet.DispatcherServlet - Completed initialization in 3 ms
2021-01-29 21:04:25.992 [SpringContextShutdownHook] INFO  o.s.scheduling.concurrent.ThreadPoolTaskExecutor - Shutting down ExecutorService 'applicationTaskExecutor'
2021-01-29 21:04:27.839 [SpringContextShutdownHook] INFO  com.zaxxer.hikari.HikariDataSource - HikariPool-1 - Shutdown initiated...
2021-01-29 21:04:28.929 [SpringContextShutdownHook] INFO  com.zaxxer.hikari.HikariDataSource - HikariPool-1 - Shutdown completed.
